22:41:20 | =================================================================
22:41:20 | STAGE 0: 数据加载与冷启动模拟统计
22:41:20 | =================================================================
22:41:20 |   总用户: 6040, 总电影: 3706
22:41:20 |   训练tasks: 100, 评估tasks: 30
22:41:20 |   训练用户交互数: min=20, max=200, mean=73.7
22:41:20 |   冷启动模拟: 截断前5条作为support, 后续作为query
22:41:20 |   负采样比例: 1:3 (每个正样本配3个负样本)
22:41:20 |   评估指标: AUC + HR@5 + NDCG@5
22:42:10 | =================================================================
22:42:10 | STAGE 1: Hessian块对角稀疏性验证 (优化版)
22:42:10 | =================================================================
22:42:10 |   参数组 | 参数量 | 梯度范数 | 梯度稀疏度
22:42:10 |   ------------------------------------------------------------
22:42:10 |   user_embedding.weight               |  193,280 |   0.389061 | 0.9998
22:42:10 |   item_embedding.weight               |  118,592 |   0.244636 | 0.9946
22:42:10 |   backbone.fc_0.weight                |    8,192 |   0.519188 | 0.0000
22:42:10 |   backbone.fc_0.bias                  |      128 |   0.426252 | 0.0000
22:42:10 |   backbone.ln_0.weight                |      128 |   0.052777 | 0.1172
22:42:10 |   backbone.ln_0.bias                  |      128 |   0.052077 | 0.1172
22:42:10 |   backbone.fc_1.weight                |    8,192 |   0.963857 | 0.1172
22:42:10 |   backbone.fc_1.bias                  |       64 |   0.128105 | 0.0000
22:42:10 |   backbone.ln_1.weight                |       64 |   0.050276 | 0.1094
22:42:10 |   backbone.ln_1.bias                  |       64 |   0.059605 | 0.1094
22:42:10 |   head.weight                         |       64 |   0.791280 | 0.1094
22:42:10 |   head.bias                           |        1 |   0.154748 | 0.0000
22:42:10 |   [改善验证] user_emb grad_norm=0.389061 (L2 norm使梯度不再消失)
22:42:10 |   [改善验证] item_emb grad_norm=0.244636
22:42:10 |   ✅ Hessian块对角结构: Embedding稀疏度>99%, Dense层<5%
22:42:57 | =================================================================
22:42:57 | STAGE 2: MAML vs FOMAML 一阶/二阶对比 (修正版)
22:42:57 | =================================================================
22:42:57 |   FOMAML总耗时: 78.5ms | MAML总耗时: 97.9ms
22:42:57 |   加速比: FOMAML快 1.2x
22:42:57 |   梯度余弦相似度: mean=0.9443 (10 tasks平均)
22:42:57 |   各task cos_sim: ['0.908', '0.973', '0.954', '0.960', '0.943', '0.915', '0.964', '0.884', '0.970', '0.971']
22:42:57 |   ✅ FOMAML一阶近似有效 (cos_sim=0.944), 训练成本降低 20%
22:44:10 | =================================================================
22:44:10 | STAGE 3: FOMAML 基线 (3步内循环, lr=0.01)
22:44:10 | =================================================================
22:44:12 |   Ep 1/8 | loss=0.4583 | AUC=0.6050 | HR@5=0.9000 | NDCG@5=0.4157 | lr=0.00300 | 0.9s
22:44:13 |   Ep 2/8 | loss=0.4390 | AUC=0.6707 | HR@5=0.9667 | NDCG@5=0.5739 | lr=0.00300 | 1.0s
22:44:14 |   Ep 3/8 | loss=0.3774 | AUC=0.7307 | HR@5=1.0000 | NDCG@5=0.6084 | lr=0.00150 | 0.7s
22:44:16 |   Ep 4/8 | loss=0.2976 | AUC=0.7555 | HR@5=1.0000 | NDCG@5=0.6914 | lr=0.00150 | 1.1s
22:44:18 |   Ep 5/8 | loss=0.2607 | AUC=0.7674 | HR@5=1.0000 | NDCG@5=0.6828 | lr=0.00150 | 1.5s
22:44:21 |   Ep 6/8 | loss=0.2252 | AUC=0.7727 | HR@5=1.0000 | NDCG@5=0.6636 | lr=0.00075 | 2.3s
22:44:23 |   Ep 7/8 | loss=0.2086 | AUC=0.7695 | HR@5=1.0000 | NDCG@5=0.6683 | lr=0.00075 | 2.3s
22:44:26 |   Ep 8/8 | loss=0.1994 | AUC=0.7898 | HR@5=0.9667 | NDCG@5=0.7684 | lr=0.00075 | 2.0s
22:44:26 |   ✅ FOMAML基线 最终AUC=0.7898, best_AUC=0.7898
22:45:13 | =================================================================
22:45:13 | STAGE 4: FOMAML + 三级解耦LR (user=0.05,item=0.02,dense=0.005)
22:45:13 | =================================================================
22:45:15 |   Ep 1/8 | loss=0.4616 | AUC=0.6023 | HR@5=0.8667 | NDCG@5=0.3759 | 1.2s
22:45:17 |   Ep 2/8 | loss=0.4405 | AUC=0.6702 | HR@5=0.9667 | NDCG@5=0.5468 | 1.2s
22:45:18 |   Ep 3/8 | loss=0.3815 | AUC=0.7284 | HR@5=1.0000 | NDCG@5=0.6023 | 1.0s
22:45:19 |   Ep 4/8 | loss=0.2985 | AUC=0.7516 | HR@5=1.0000 | NDCG@5=0.6880 | 0.9s
22:45:20 |   Ep 5/8 | loss=0.2612 | AUC=0.7651 | HR@5=1.0000 | NDCG@5=0.6746 | 0.9s
22:45:21 |   Ep 6/8 | loss=0.2264 | AUC=0.7707 | HR@5=1.0000 | NDCG@5=0.6697 | 0.9s
22:45:23 |   Ep 7/8 | loss=0.2102 | AUC=0.7678 | HR@5=1.0000 | NDCG@5=0.6719 | 0.9s
22:45:24 |   Ep 8/8 | loss=0.2024 | AUC=0.7891 | HR@5=0.9667 | NDCG@5=0.7780 | 1.0s
22:45:24 |   ✅ FOMAML+解耦LR 最终AUC=0.7891, best_AUC=0.7891
22:46:22 | =================================================================
22:46:22 | STAGE 5: Reptile预训练 (5步内循环, epsilon_decay)
22:46:22 | =================================================================
22:46:24 |   Ep 1/8 | loss=0.4117 | AUC=0.5352 | HR@5=0.7333 | eps=0.300 | 1.5s
22:46:25 |   Ep 2/8 | loss=0.3747 | AUC=0.5489 | HR@5=0.6667 | eps=0.255 | 0.8s
22:46:26 |   Ep 3/8 | loss=0.3554 | AUC=0.5574 | HR@5=0.8333 | eps=0.217 | 0.8s
22:46:27 |   Ep 4/8 | loss=0.3327 | AUC=0.5587 | HR@5=0.7667 | eps=0.184 | 0.9s
22:46:28 |   Ep 5/8 | loss=0.3072 | AUC=0.5590 | HR@5=0.8000 | eps=0.157 | 0.8s
22:46:29 |   Ep 6/8 | loss=0.2851 | AUC=0.5685 | HR@5=0.7333 | eps=0.133 | 1.0s
22:46:30 |   Ep 7/8 | loss=0.2725 | AUC=0.5739 | HR@5=0.8333 | eps=0.113 | 1.0s
22:46:32 |   Ep 8/8 | loss=0.2564 | AUC=0.5847 | HR@5=0.7333 | eps=0.096 | 1.0s
22:46:32 |   ✅ Reptile预训练 最终AUC=0.5847, best_AUC=0.5847
22:47:10 | =================================================================
22:47:10 | STAGE 6: Reptile+ANIL (backbone frozen, head adapted)
22:47:10 | =================================================================
22:47:10 |   ✅ 已加载Reptile预训练权重
22:47:10 |   Backbone(frozen): 328,832 | Head(trainable): 2,113
22:47:12 |   Ep 1/8 | loss=0.5616 | AUC=0.5714 | HR@5=0.8000 | NDCG@5=0.3752 | 0.6s
22:47:13 |   Ep 2/8 | loss=0.5570 | AUC=0.5774 | HR@5=0.9000 | NDCG@5=0.3397 | 0.6s
22:47:13 |   Ep 3/8 | loss=0.5645 | AUC=0.5812 | HR@5=0.8333 | NDCG@5=0.3806 | 0.5s
22:47:14 |   Ep 4/8 | loss=0.5621 | AUC=0.5719 | HR@5=0.7667 | NDCG@5=0.3413 | 0.6s
22:47:15 |   Ep 5/8 | loss=0.5667 | AUC=0.5712 | HR@5=0.7667 | NDCG@5=0.3394 | 0.6s
22:47:16 |   Ep 6/8 | loss=0.5631 | AUC=0.5740 | HR@5=0.8333 | NDCG@5=0.3522 | 0.8s
22:47:17 |   Ep 7/8 | loss=0.5618 | AUC=0.5775 | HR@5=0.8333 | NDCG@5=0.3517 | 0.6s
22:47:18 |   Ep 8/8 | loss=0.5632 | AUC=0.5847 | HR@5=0.7333 | NDCG@5=0.3553 | 0.7s
22:47:18 |   ✅ Reptile+ANIL 最终AUC=0.5847, best_AUC=0.5847
22:47:58 | =================================================================
22:47:58 | STAGE 7: 全方法对比总结
22:47:58 | =================================================================
22:47:58 |   方法                                          best AUC  last AUC best HR@5    Avg时间
22:47:58 |   ------------------------------------------ --------- --------- --------- --------
22:47:58 |   FOMAML (baseline, 3-step)                     0.7898    0.7898    1.0000    1.5s
22:47:58 |   FOMAML + 三级解耦LR + 补偿                          0.7891    0.7891    1.0000    1.0s
22:47:58 |   Reptile (pretrain)                            0.5847    0.5847    0.0000    1.0s
22:47:58 |   Reptile + ANIL (layered)                      0.5847    0.5847    0.9000    0.6s
22:47:58 | 
  📊 关键结论:
22:47:58 |   • FOMAML基线 best AUC: 0.7898
22:47:58 |   • 解耦LR+补偿 best AUC: 0.7891 (Δ=-0.0007)
22:47:58 |   • Reptile+ANIL best AUC: 0.5847 (Δ=-0.2052)
22:47:58 | 
22:47:58 | =================================================================
22:47:58 | ✅ 优化后全部训练完成!
22:47:58 | =================================================================
