22:50:59 | ╔══════════════════════════════════════════════════════════════╗
22:50:59 | ║  V3 消融实验 - 验证各优化点的独立贡献                              ║
22:50:59 | ╚══════════════════════════════════════════════════════════════╝
22:50:59 | 
22:50:59 | =================================================================
22:50:59 | EXP-A: FOMAML 无L2 norm, 统一lr=0.01 (复现梯度消失基线)
22:50:59 | =================================================================
22:51:00 |   Ep 1/8 | loss=0.4577 | AUC=0.5940 | HR@5=0.8667 | NDCG@5=0.3202 | 0.6s
22:51:01 |   Ep 2/8 | loss=0.4345 | AUC=0.7035 | HR@5=0.9333 | NDCG@5=0.5159 | 0.5s
22:51:02 |   Ep 3/8 | loss=0.3449 | AUC=0.7630 | HR@5=0.9333 | NDCG@5=0.6262 | 0.6s
22:51:03 |   Ep 4/8 | loss=0.2742 | AUC=0.7774 | HR@5=0.9333 | NDCG@5=0.6434 | 0.5s
22:51:03 |   Ep 5/8 | loss=0.2427 | AUC=0.7745 | HR@5=0.9333 | NDCG@5=0.5771 | 0.6s
22:51:04 |   Ep 6/8 | loss=0.2236 | AUC=0.7727 | HR@5=0.9667 | NDCG@5=0.5852 | 0.6s
22:51:05 |   Ep 7/8 | loss=0.2075 | AUC=0.7749 | HR@5=0.9667 | NDCG@5=0.6367 | 0.6s
22:51:06 |   Ep 8/8 | loss=0.2059 | AUC=0.7785 | HR@5=0.9667 | NDCG@5=0.6107 | 0.6s
22:51:06 |   ✅ Exp-A 最终AUC=0.7785, best=0.7785
22:51:06 |   [梯度检查] user_embedding.weight: grad_norm=0.721927, sparsity=0.9998
22:51:06 |   [梯度检查] item_embedding.weight: grad_norm=0.780489, sparsity=0.9946
22:51:06 | 
22:51:45 | =================================================================
22:51:45 | EXP-B: FOMAML 无L2 norm + 三级解耦LR (验证解耦对梯度消失的缓解)
22:51:45 | =================================================================
22:51:47 |   Ep 1/8 | loss=0.4609 | AUC=0.5910 | HR@5=0.8667 | NDCG@5=0.3085 | 1.2s
22:51:49 |   Ep 2/8 | loss=0.4370 | AUC=0.6989 | HR@5=0.9000 | NDCG@5=0.5101 | 1.1s
22:51:50 |   Ep 3/8 | loss=0.3514 | AUC=0.7603 | HR@5=0.9333 | NDCG@5=0.6270 | 1.2s
22:51:52 |   Ep 4/8 | loss=0.2789 | AUC=0.7749 | HR@5=0.9333 | NDCG@5=0.6574 | 1.1s
22:51:53 |   Ep 5/8 | loss=0.2464 | AUC=0.7725 | HR@5=0.9333 | NDCG@5=0.5752 | 1.1s
22:51:55 |   Ep 6/8 | loss=0.2261 | AUC=0.7717 | HR@5=0.9667 | NDCG@5=0.5985 | 1.1s
22:51:56 |   Ep 7/8 | loss=0.2116 | AUC=0.7725 | HR@5=0.9667 | NDCG@5=0.6283 | 1.1s
22:51:57 |   Ep 8/8 | loss=0.2096 | AUC=0.7776 | HR@5=0.9333 | NDCG@5=0.6037 | 0.7s
22:51:57 |   ✅ Exp-B 最终AUC=0.7776, best=0.7776
22:51:57 | 
22:52:51 | =================================================================
22:52:51 | EXP-C: FOMAML + L2 norm, 统一lr=0.01 (V2基线)
22:52:51 | =================================================================
22:52:52 |   Ep 1/8 | loss=0.4590 | AUC=0.5697 | HR@5=0.9000 | NDCG@5=0.3333 | 0.8s
22:52:53 |   Ep 2/8 | loss=0.4321 | AUC=0.6867 | HR@5=0.9000 | NDCG@5=0.4696 | 0.7s
22:52:54 |   Ep 3/8 | loss=0.3466 | AUC=0.7581 | HR@5=0.9333 | NDCG@5=0.6229 | 0.6s
22:52:55 |   Ep 4/8 | loss=0.2736 | AUC=0.7706 | HR@5=0.9333 | NDCG@5=0.6011 | 0.8s
22:52:56 |   Ep 5/8 | loss=0.2410 | AUC=0.7685 | HR@5=0.9667 | NDCG@5=0.5355 | 0.7s
22:52:57 |   Ep 6/8 | loss=0.2203 | AUC=0.7687 | HR@5=0.9333 | NDCG@5=0.5816 | 0.7s
22:52:58 |   Ep 7/8 | loss=0.2032 | AUC=0.7729 | HR@5=0.9667 | NDCG@5=0.6201 | 0.8s
22:52:59 |   Ep 8/8 | loss=0.2007 | AUC=0.7782 | HR@5=0.9333 | NDCG@5=0.5875 | 0.7s
22:52:59 |   ✅ Exp-C 最终AUC=0.7782, best=0.7782
22:52:59 | 
22:53:44 | =================================================================
22:53:44 | EXP-D: FOMAML + L2 norm + 三级解耦LR
22:53:44 | =================================================================
22:53:46 |   Ep 1/8 | loss=0.4621 | AUC=0.5703 | HR@5=0.9000 | NDCG@5=0.3015 | 0.9s
22:53:47 |   Ep 2/8 | loss=0.4352 | AUC=0.6854 | HR@5=0.9000 | NDCG@5=0.4878 | 0.8s
22:53:48 |   Ep 3/8 | loss=0.3533 | AUC=0.7551 | HR@5=0.9333 | NDCG@5=0.6295 | 0.9s
22:53:49 |   Ep 4/8 | loss=0.2782 | AUC=0.7699 | HR@5=0.9333 | NDCG@5=0.6153 | 0.9s
22:53:50 |   Ep 5/8 | loss=0.2448 | AUC=0.7687 | HR@5=0.9333 | NDCG@5=0.5469 | 0.9s
22:53:52 |   Ep 6/8 | loss=0.2235 | AUC=0.7681 | HR@5=0.9333 | NDCG@5=0.5872 | 0.9s
22:53:53 |   Ep 7/8 | loss=0.2075 | AUC=0.7735 | HR@5=0.9667 | NDCG@5=0.6227 | 0.9s
22:53:54 |   Ep 8/8 | loss=0.2046 | AUC=0.7771 | HR@5=0.9333 | NDCG@5=0.5847 | 0.8s
22:53:54 |   ✅ Exp-D 最终AUC=0.7771, best=0.7771
22:53:54 | 
22:54:46 | =================================================================
22:54:46 | EXP-E: Reptile(更多step, eps_decay) + ANIL(大head lr=0.02)
22:54:46 | =================================================================
22:54:46 |   --- Phase 1: Reptile Pretrain ---
22:54:50 |   Reptile Ep 1/8 | loss=0.4312 | AUC=0.5195 | HR@5=0.6000 | eps=0.300 | 3.2s
22:54:52 |   Reptile Ep 2/8 | loss=0.3973 | AUC=0.5186 | HR@5=0.7667 | eps=0.255 | 2.2s
22:54:54 |   Reptile Ep 3/8 | loss=0.3853 | AUC=0.5304 | HR@5=0.8000 | eps=0.217 | 1.5s
22:54:57 |   Reptile Ep 4/8 | loss=0.3663 | AUC=0.5313 | HR@5=0.8000 | eps=0.184 | 2.1s
22:54:59 |   Reptile Ep 5/8 | loss=0.3467 | AUC=0.5398 | HR@5=0.7667 | eps=0.157 | 1.5s
22:55:03 |   Reptile Ep 6/8 | loss=0.3250 | AUC=0.5411 | HR@5=0.7000 | eps=0.133 | 3.6s
22:55:07 |   Reptile Ep 7/8 | loss=0.3090 | AUC=0.5392 | HR@5=0.8333 | eps=0.113 | 3.2s
22:55:11 |   Reptile Ep 8/8 | loss=0.2879 | AUC=0.5408 | HR@5=0.8333 | eps=0.096 | 3.9s
22:55:11 |   Reptile best AUC=0.5411
22:55:11 |   --- Phase 2: ANIL Head Adaptation ---
22:55:12 |   ANIL Ep 1/8 | loss=0.5312 | AUC=0.5499 | HR@5=0.7667 | NDCG@5=0.3073 | 0.8s
22:55:15 |   ANIL Ep 2/8 | loss=0.5311 | AUC=0.5372 | HR@5=0.8000 | NDCG@5=0.2873 | 1.9s
22:55:16 |   ANIL Ep 3/8 | loss=0.5311 | AUC=0.5304 | HR@5=0.7667 | NDCG@5=0.2804 | 0.9s
22:55:18 |   ANIL Ep 4/8 | loss=0.5325 | AUC=0.5503 | HR@5=0.8000 | NDCG@5=0.2891 | 2.0s
22:55:20 |   ANIL Ep 5/8 | loss=0.5257 | AUC=0.5449 | HR@5=0.7667 | NDCG@5=0.2897 | 0.9s
22:55:21 |   ANIL Ep 6/8 | loss=0.5373 | AUC=0.5440 | HR@5=0.8000 | NDCG@5=0.2802 | 0.8s
22:55:23 |   ANIL Ep 7/8 | loss=0.5373 | AUC=0.5362 | HR@5=0.7667 | NDCG@5=0.2945 | 1.1s
22:55:25 |   ANIL Ep 8/8 | loss=0.5281 | AUC=0.5485 | HR@5=0.8333 | NDCG@5=0.2854 | 1.8s
22:55:25 |   ✅ Exp-E ANIL best AUC=0.5503
22:55:25 | 
22:56:32 | =================================================================
22:56:32 | V3 消融实验总结
22:56:32 | =================================================================
22:56:32 |   实验                                             best AUC  last AUC
22:56:32 |   --------------------------------------------- --------- ---------
22:56:32 |   A: FOMAML (无L2 norm, 统一lr)                       0.7785    0.7785
22:56:32 |   B: FOMAML (无L2 norm + 解耦LR)                      0.7776    0.7776
22:56:32 |   C: FOMAML (L2 norm, 统一lr)                        0.7782    0.7782
22:56:32 |   D: FOMAML (L2 norm + 解耦LR)                       0.7771    0.7771
22:56:32 |   E: Reptile + ANIL (优化版)                          0.5503    0.5485
22:56:32 | 
22:56:32 |   📊 关键对比:
22:56:32 |   • 解耦LR在无L2 norm下: B-A = -0.0009 (解耦缓解梯度消失)
22:56:32 |   • L2 norm的效果: C-A = -0.0003 (L2 norm修复梯度消失)
22:56:32 |   • L2 norm下解耦额外增益: D-C = -0.0010
22:56:32 |   • Reptile+ANIL vs 最佳FOMAML: E-max(C,D) = -0.2278
22:56:32 |   • 整体最佳方案: C (仅L2) AUC=0.7782
22:56:32 | 
22:56:32 | =================================================================
22:56:32 | ✅ V3 消融实验全部完成!
22:56:32 | =================================================================
